<?xml version="1.0" encoding="UTF-8"?>
<testng-results ignored="0" total="1" passed="1" failed="0" skipped="0">
  <reporter-output>
  </reporter-output>
  <suite started-at="2024-08-05T22:07:22 IST" name="Default suite" finished-at="2024-08-05T22:07:25 IST" duration-ms="3407">
    <groups>
    </groups>
    <test started-at="2024-08-05T22:07:22 IST" name="Default test" finished-at="2024-08-05T22:07:25 IST" duration-ms="3407">
      <class name="tests.CheckoutCompleteTest">
        <test-method is-config="true" signature="setUp()[pri:0, instance:tests.CheckoutCompleteTest@2767e23c]" started-at="2024-08-05T22:07:22 IST" name="setUp" finished-at="2024-08-05T22:07:24 IST" duration-ms="2399" status="PASS">
          <reporter-output>
          </reporter-output>
        </test-method> <!-- setUp -->
        <test-method signature="checkoutInfoTest(java.lang.String,java.lang.String)[pri:0, instance:tests.CheckoutCompleteTest@2767e23c]" started-at="2024-08-05T22:07:24 IST" name="checkoutInfoTest" data-provider="getData" finished-at="2024-08-05T22:07:25 IST" duration-ms="662" status="PASS">
          <params>
            <param index="0">
              <value>
                <![CDATA[Sauce Labs Backpack]]>
              </value>
            </param>
            <param index="1">
              <value>
                <![CDATA[Thank you for your order!]]>
              </value>
            </param>
          </params>
          <reporter-output>
          </reporter-output>
        </test-method> <!-- checkoutInfoTest -->
        <test-method is-config="true" signature="tearDown()[pri:0, instance:tests.CheckoutCompleteTest@2767e23c]" started-at="2024-08-05T22:07:25 IST" name="tearDown" finished-at="2024-08-05T22:07:25 IST" duration-ms="298" status="PASS">
          <reporter-output>
          </reporter-output>
        </test-method> <!-- tearDown -->
      </class> <!-- tests.CheckoutCompleteTest -->
    </test> <!-- Default test -->
  </suite> <!-- Default suite -->
</testng-results>
