<?xml version="1.0" encoding="UTF-8"?>
<testng-results ignored="0" total="2" passed="2" failed="0" skipped="0">
  <reporter-output>
  </reporter-output>
  <suite started-at="2024-07-15T18:34:49 IST" name="Default suite" finished-at="2024-07-15T18:34:53 IST" duration-ms="4088">
    <groups>
    </groups>
    <test started-at="2024-07-15T18:34:49 IST" name="Default test" finished-at="2024-07-15T18:34:53 IST" duration-ms="4088">
      <class name="tests.LoginTest">
        <test-method is-config="true" signature="setUp()[pri:0, instance:tests.LoginTest@1349883]" started-at="2024-07-15T18:34:49 IST" name="setUp" finished-at="2024-07-15T18:34:51 IST" duration-ms="1805" status="PASS">
          <reporter-output>
          </reporter-output>
        </test-method> <!-- setUp -->
        <test-method signature="loginPageTest()[pri:0, instance:tests.LoginTest@1349883]" started-at="2024-07-15T18:34:51 IST" name="loginPageTest" finished-at="2024-07-15T18:34:51 IST" duration-ms="322" status="PASS">
          <reporter-output>
          </reporter-output>
        </test-method> <!-- loginPageTest -->
        <test-method is-config="true" signature="tearDown()[pri:0, instance:tests.LoginTest@1349883]" started-at="2024-07-15T18:34:51 IST" name="tearDown" finished-at="2024-07-15T18:34:51 IST" duration-ms="253" status="PASS">
          <reporter-output>
          </reporter-output>
        </test-method> <!-- tearDown -->
        <test-method is-config="true" signature="setUp()[pri:0, instance:tests.LoginTest@1349883]" started-at="2024-07-15T18:34:51 IST" name="setUp" finished-at="2024-07-15T18:34:53 IST" duration-ms="1404" status="PASS">
          <reporter-output>
          </reporter-output>
        </test-method> <!-- setUp -->
        <test-method signature="pageLogoTest()[pri:0, instance:tests.LoginTest@1349883]" started-at="2024-07-15T18:34:53 IST" name="pageLogoTest" finished-at="2024-07-15T18:34:53 IST" duration-ms="33" status="PASS">
          <reporter-output>
          </reporter-output>
        </test-method> <!-- pageLogoTest -->
        <test-method is-config="true" signature="tearDown()[pri:0, instance:tests.LoginTest@1349883]" started-at="2024-07-15T18:34:53 IST" name="tearDown" finished-at="2024-07-15T18:34:53 IST" duration-ms="214" status="PASS">
          <reporter-output>
          </reporter-output>
        </test-method> <!-- tearDown -->
      </class> <!-- tests.LoginTest -->
    </test> <!-- Default test -->
  </suite> <!-- Default suite -->
</testng-results>
